{"F:\\WebDev\\Works\\New folder\\app.js":{"path":"F:\\WebDev\\Works\\New folder\\app.js","s":{"1":1,"2":1,"3":1,"4":1,"5":1,"6":1,"7":1,"8":1,"9":1,"10":1,"11":1,"12":1,"13":1,"14":1,"15":1,"16":1,"17":1,"18":1,"19":1,"20":1,"21":1,"22":1,"23":1,"24":1,"25":1},"b":{},"f":{},"fnMap":{},"statementMap":{"1":{"start":{"line":1,"column":0},"end":{"line":1,"column":41}},"2":{"start":{"line":2,"column":0},"end":{"line":2,"column":33}},"3":{"start":{"line":3,"column":0},"end":{"line":3,"column":27}},"4":{"start":{"line":4,"column":0},"end":{"line":4,"column":44}},"5":{"start":{"line":5,"column":0},"end":{"line":5,"column":31}},"6":{"start":{"line":6,"column":0},"end":{"line":6,"column":35}},"7":{"start":{"line":7,"column":0},"end":{"line":7,"column":41}},"8":{"start":{"line":8,"column":0},"end":{"line":8,"column":44}},"9":{"start":{"line":9,"column":0},"end":{"line":9,"column":37}},"10":{"start":{"line":10,"column":0},"end":{"line":10,"column":34}},"11":{"start":{"line":12,"column":0},"end":{"line":12,"column":38}},"12":{"start":{"line":13,"column":0},"end":{"line":13,"column":20}},"13":{"start":{"line":16,"column":0},"end":{"line":16,"column":48}},"14":{"start":{"line":17,"column":0},"end":{"line":17,"column":30}},"15":{"start":{"line":18,"column":0},"end":{"line":18,"column":16}},"16":{"start":{"line":19,"column":0},"end":{"line":19,"column":23}},"17":{"start":{"line":20,"column":0},"end":{"line":20,"column":24}},"18":{"start":{"line":21,"column":0},"end":{"line":21,"column":49}},"19":{"start":{"line":22,"column":0},"end":{"line":22,"column":24}},"20":{"start":{"line":23,"column":0},"end":{"line":23,"column":56}},"21":{"start":{"line":25,"column":0},"end":{"line":25,"column":46}},"22":{"start":{"line":26,"column":0},"end":{"line":26,"column":31}},"23":{"start":{"line":27,"column":0},"end":{"line":27,"column":28}},"24":{"start":{"line":28,"column":0},"end":{"line":28,"column":26}},"25":{"start":{"line":46,"column":0},"end":{"line":46,"column":21}}},"branchMap":{}},"F:\\WebDev\\Works\\New folder\\routes\\index.js":{"path":"F:\\WebDev\\Works\\New folder\\routes\\index.js","s":{"1":1,"2":1,"3":1,"4":1,"5":1,"6":1,"7":1,"8":1,"9":1,"10":1,"11":1,"12":1},"b":{},"f":{},"fnMap":{},"statementMap":{"1":{"start":{"line":1,"column":0},"end":{"line":1,"column":33}},"2":{"start":{"line":2,"column":0},"end":{"line":2,"column":30}},"3":{"start":{"line":4,"column":0},"end":{"line":4,"column":44}},"4":{"start":{"line":5,"column":0},"end":{"line":5,"column":41}},"5":{"start":{"line":10,"column":0},"end":{"line":10,"column":36}},"6":{"start":{"line":11,"column":0},"end":{"line":11,"column":38}},"7":{"start":{"line":12,"column":0},"end":{"line":12,"column":36}},"8":{"start":{"line":16,"column":0},"end":{"line":16,"column":44}},"9":{"start":{"line":17,"column":0},"end":{"line":17,"column":42}},"10":{"start":{"line":18,"column":0},"end":{"line":18,"column":41}},"11":{"start":{"line":19,"column":0},"end":{"line":19,"column":39}},"12":{"start":{"line":21,"column":0},"end":{"line":21,"column":24}}},"branchMap":{}},"F:\\WebDev\\Works\\New folder\\controllers\\index.js":{"path":"F:\\WebDev\\Works\\New folder\\controllers\\index.js","s":{"1":1,"2":1,"3":1,"4":1,"5":1,"6":1,"7":1,"8":1,"9":2},"b":{},"f":{"1":1,"2":1,"3":2},"fnMap":{"1":{"name":"(anonymous_1)","line":5,"loc":{"start":{"line":5,"column":23},"end":{"line":5,"column":48}}},"2":{"name":"(anonymous_2)","line":8,"loc":{"start":{"line":8,"column":20},"end":{"line":8,"column":45}}},"3":{"name":"(anonymous_3)","line":12,"loc":{"start":{"line":12,"column":19},"end":{"line":12,"column":44}}}},"statementMap":{"1":{"start":{"line":1,"column":0},"end":{"line":1,"column":34}},"2":{"start":{"line":3,"column":0},"end":{"line":3,"column":35}},"3":{"start":{"line":5,"column":0},"end":{"line":7,"column":1}},"4":{"start":{"line":6,"column":1},"end":{"line":6,"column":33}},"5":{"start":{"line":8,"column":0},"end":{"line":11,"column":1}},"6":{"start":{"line":9,"column":4},"end":{"line":9,"column":25}},"7":{"start":{"line":10,"column":4},"end":{"line":10,"column":22}},"8":{"start":{"line":12,"column":0},"end":{"line":14,"column":1}},"9":{"start":{"line":13,"column":4},"end":{"line":13,"column":19}}},"branchMap":{}},"F:\\WebDev\\Works\\New folder\\models\\index.js":{"path":"F:\\WebDev\\Works\\New folder\\models\\index.js","s":{"1":1,"2":1,"3":1,"4":1,"5":1,"6":1,"7":1,"8":1,"9":1,"10":0,"11":1,"12":1,"13":2,"14":1,"15":1,"16":1,"17":1,"18":0,"19":1,"20":1,"21":1},"b":{"1":[1,0],"2":[0,1],"3":[2,2,1],"4":[0,1]},"f":{},"fnMap":{},"statementMap":{"1":{"start":{"line":3,"column":0},"end":{"line":3,"column":25}},"2":{"start":{"line":4,"column":0},"end":{"line":4,"column":29}},"3":{"start":{"line":5,"column":0},"end":{"line":5,"column":39}},"4":{"start":{"line":6,"column":0},"end":{"line":6,"column":43}},"5":{"start":{"line":7,"column":0},"end":{"line":7,"column":50}},"6":{"start":{"line":9,"column":0},"end":{"line":9,"column":64}},"7":{"start":{"line":10,"column":0},"end":{"line":10,"column":14}},"8":{"start":{"line":12,"column":0},"end":{"line":12,"column":14}},"9":{"start":{"line":13,"column":0},"end":{"line":17,"column":1}},"10":{"start":{"line":14,"column":2},"end":{"line":14,"column":74}},"11":{"start":{"line":16,"column":2},"end":{"line":16,"column":87}},"12":{"start":{"line":19,"column":0},"end":{"line":27,"column":5}},"13":{"start":{"line":22,"column":4},"end":{"line":22,"column":90}},"14":{"start":{"line":25,"column":4},"end":{"line":25,"column":66}},"15":{"start":{"line":26,"column":4},"end":{"line":26,"column":27}},"16":{"start":{"line":29,"column":0},"end":{"line":33,"column":3}},"17":{"start":{"line":30,"column":2},"end":{"line":32,"column":3}},"18":{"start":{"line":31,"column":4},"end":{"line":31,"column":32}},"19":{"start":{"line":35,"column":0},"end":{"line":35,"column":25}},"20":{"start":{"line":36,"column":0},"end":{"line":36,"column":25}},"21":{"start":{"line":38,"column":0},"end":{"line":38,"column":20}}},"branchMap":{"1":{"line":7,"type":"binary-expr","locations":[{"start":{"line":7,"column":12},"end":{"line":7,"column":32}},{"start":{"line":7,"column":36},"end":{"line":7,"column":49}}]},"2":{"line":13,"type":"if","locations":[{"start":{"line":13,"column":0},"end":{"line":13,"column":0}},{"start":{"line":13,"column":0},"end":{"line":13,"column":0}}]},"3":{"line":22,"type":"binary-expr","locations":[{"start":{"line":22,"column":12},"end":{"line":22,"column":35}},{"start":{"line":22,"column":41},"end":{"line":22,"column":58}},{"start":{"line":22,"column":64},"end":{"line":22,"column":88}}]},"4":{"line":30,"type":"if","locations":[{"start":{"line":30,"column":2},"end":{"line":30,"column":2}},{"start":{"line":30,"column":2},"end":{"line":30,"column":2}}]}}},"F:\\WebDev\\Works\\New folder\\config\\config.js":{"path":"F:\\WebDev\\Works\\New folder\\config\\config.js","s":{"1":1},"b":{},"f":{},"fnMap":{},"statementMap":{"1":{"start":{"line":1,"column":0},"end":{"line":27,"column":1}}},"branchMap":{}},"F:\\WebDev\\Works\\New folder\\models\\User.js":{"path":"F:\\WebDev\\Works\\New folder\\models\\User.js","s":{"1":1,"2":1,"3":1},"b":{},"f":{},"fnMap":{},"statementMap":{"1":{"start":{"line":4,"column":0},"end":{"line":25,"column":2}},"2":{"start":{"line":5,"column":2},"end":{"line":22,"column":5}},"3":{"start":{"line":24,"column":2},"end":{"line":24,"column":14}}},"branchMap":{}},"F:\\WebDev\\Works\\New folder\\passport_setup.js":{"path":"F:\\WebDev\\Works\\New folder\\passport_setup.js","s":{"1":1,"2":1,"3":1,"4":1,"5":2,"6":1,"7":2,"8":0,"9":0,"10":0,"11":0,"12":2,"13":1,"14":1,"15":0,"16":1,"17":1,"18":0,"19":1,"20":1,"21":0,"22":0},"b":{"1":[0,0],"2":[0,1],"3":[0,1],"4":[1,0]},"f":{"1":2,"2":1,"3":0,"4":1},"fnMap":{"1":{"name":"(anonymous_1)","line":7,"loc":{"start":{"line":7,"column":17},"end":{"line":7,"column":36}}},"2":{"name":"(anonymous_2)","line":8,"loc":{"start":{"line":8,"column":27},"end":{"line":8,"column":48}}},"3":{"name":"(anonymous_3)","line":11,"loc":{"start":{"line":11,"column":29},"end":{"line":11,"column":48}}},"4":{"name":"(anonymous_4)","line":28,"loc":{"start":{"line":28,"column":4},"end":{"line":28,"column":41}}}},"statementMap":{"1":{"start":{"line":1,"column":0},"end":{"line":1,"column":55}},"2":{"start":{"line":3,"column":0},"end":{"line":3,"column":31}},"3":{"start":{"line":4,"column":0},"end":{"line":4,"column":32}},"4":{"start":{"line":7,"column":0},"end":{"line":53,"column":1}},"5":{"start":{"line":8,"column":4},"end":{"line":10,"column":7}},"6":{"start":{"line":9,"column":8},"end":{"line":9,"column":27}},"7":{"start":{"line":11,"column":4},"end":{"line":22,"column":6}},"8":{"start":{"line":12,"column":8},"end":{"line":21,"column":10}},"9":{"start":{"line":17,"column":12},"end":{"line":19,"column":13}},"10":{"start":{"line":18,"column":16},"end":{"line":18,"column":49}},"11":{"start":{"line":20,"column":12},"end":{"line":20,"column":29}},"12":{"start":{"line":23,"column":4},"end":{"line":51,"column":8}},"13":{"start":{"line":29,"column":8},"end":{"line":50,"column":10}},"14":{"start":{"line":34,"column":12},"end":{"line":37,"column":13}},"15":{"start":{"line":36,"column":16},"end":{"line":36,"column":40}},"16":{"start":{"line":38,"column":12},"end":{"line":47,"column":14}},"17":{"start":{"line":39,"column":16},"end":{"line":41,"column":17}},"18":{"start":{"line":40,"column":20},"end":{"line":40,"column":30}},"19":{"start":{"line":42,"column":16},"end":{"line":46,"column":17}},"20":{"start":{"line":43,"column":20},"end":{"line":43,"column":44}},"21":{"start":{"line":45,"column":20},"end":{"line":45,"column":83}},"22":{"start":{"line":49,"column":12},"end":{"line":49,"column":28}}},"branchMap":{"1":{"line":17,"type":"if","locations":[{"start":{"line":17,"column":12},"end":{"line":17,"column":12}},{"start":{"line":17,"column":12},"end":{"line":17,"column":12}}]},"2":{"line":34,"type":"if","locations":[{"start":{"line":34,"column":12},"end":{"line":34,"column":12}},{"start":{"line":34,"column":12},"end":{"line":34,"column":12}}]},"3":{"line":39,"type":"if","locations":[{"start":{"line":39,"column":16},"end":{"line":39,"column":16}},{"start":{"line":39,"column":16},"end":{"line":39,"column":16}}]},"4":{"line":42,"type":"if","locations":[{"start":{"line":42,"column":16},"end":{"line":42,"column":16}},{"start":{"line":42,"column":16},"end":{"line":42,"column":16}}]}}},"F:\\WebDev\\Works\\New folder\\validators\\signup.js":{"path":"F:\\WebDev\\Works\\New folder\\validators\\signup.js","s":{"1":1,"2":1,"3":1,"4":1,"5":0,"6":1,"7":0,"8":1,"9":0,"10":1,"11":1,"12":1,"13":1,"14":1,"15":1,"16":1},"b":{"1":[0,1],"2":[0,1],"3":[0,1],"4":[1,0]},"f":{"1":1,"2":1,"3":1},"fnMap":{"1":{"name":"(anonymous_1)","line":4,"loc":{"start":{"line":4,"column":30},"end":{"line":4,"column":52}}},"2":{"name":"(anonymous_2)","line":16,"loc":{"start":{"line":16,"column":23},"end":{"line":16,"column":50}}},"3":{"name":"(anonymous_3)","line":17,"loc":{"start":{"line":17,"column":23},"end":{"line":17,"column":49}}}},"statementMap":{"1":{"start":{"line":1,"column":0},"end":{"line":1,"column":34}},"2":{"start":{"line":2,"column":0},"end":{"line":2,"column":37}},"3":{"start":{"line":4,"column":0},"end":{"line":14,"column":1}},"4":{"start":{"line":5,"column":4},"end":{"line":7,"column":5}},"5":{"start":{"line":6,"column":8},"end":{"line":6,"column":54}},"6":{"start":{"line":8,"column":4},"end":{"line":10,"column":5}},"7":{"start":{"line":9,"column":8},"end":{"line":9,"column":47}},"8":{"start":{"line":11,"column":4},"end":{"line":13,"column":5}},"9":{"start":{"line":12,"column":8},"end":{"line":12,"column":83}},"10":{"start":{"line":16,"column":0},"end":{"line":30,"column":1}},"11":{"start":{"line":17,"column":4},"end":{"line":29,"column":6}},"12":{"start":{"line":18,"column":8},"end":{"line":18,"column":43}},"13":{"start":{"line":19,"column":8},"end":{"line":28,"column":10}},"14":{"start":{"line":24,"column":12},"end":{"line":26,"column":13}},"15":{"start":{"line":25,"column":16},"end":{"line":25,"column":56}},"16":{"start":{"line":27,"column":12},"end":{"line":27,"column":28}}},"branchMap":{"1":{"line":5,"type":"if","locations":[{"start":{"line":5,"column":4},"end":{"line":5,"column":4}},{"start":{"line":5,"column":4},"end":{"line":5,"column":4}}]},"2":{"line":8,"type":"if","locations":[{"start":{"line":8,"column":4},"end":{"line":8,"column":4}},{"start":{"line":8,"column":4},"end":{"line":8,"column":4}}]},"3":{"line":11,"type":"if","locations":[{"start":{"line":11,"column":4},"end":{"line":11,"column":4}},{"start":{"line":11,"column":4},"end":{"line":11,"column":4}}]},"4":{"line":24,"type":"if","locations":[{"start":{"line":24,"column":12},"end":{"line":24,"column":12}},{"start":{"line":24,"column":12},"end":{"line":24,"column":12}}]}}}}