TN:
SF:F:\WebDev\Works\New folder\app.js
FNF:0
FNH:0
DA:1,1
DA:2,1
DA:3,1
DA:4,1
DA:5,1
DA:6,1
DA:7,1
DA:8,1
DA:9,1
DA:10,1
DA:12,1
DA:13,1
DA:16,1
DA:17,1
DA:18,1
DA:19,1
DA:20,1
DA:21,1
DA:22,1
DA:23,1
DA:25,1
DA:26,1
DA:27,1
DA:28,1
DA:46,1
LF:25
LH:25
BRF:0
BRH:0
end_of_record
TN:
SF:F:\WebDev\Works\New folder\routes\index.js
FNF:0
FNH:0
DA:1,1
DA:2,1
DA:4,1
DA:5,1
DA:10,1
DA:11,1
DA:12,1
DA:16,1
DA:17,1
DA:18,1
DA:19,1
DA:21,1
LF:12
LH:12
BRF:0
BRH:0
end_of_record
TN:
SF:F:\WebDev\Works\New folder\controllers\index.js
FN:5,(anonymous_1)
FN:8,(anonymous_2)
FN:12,(anonymous_3)
FNF:3
FNH:3
FNDA:1,(anonymous_1)
FNDA:1,(anonymous_2)
FNDA:2,(anonymous_3)
DA:1,1
DA:3,1
DA:5,1
DA:6,1
DA:8,1
DA:9,1
DA:10,1
DA:12,1
DA:13,2
LF:9
LH:9
BRF:0
BRH:0
end_of_record
TN:
SF:F:\WebDev\Works\New folder\models\index.js
FNF:0
FNH:0
DA:3,1
DA:4,1
DA:5,1
DA:6,1
DA:7,1
DA:9,1
DA:10,1
DA:12,1
DA:13,1
DA:14,0
DA:16,1
DA:19,1
DA:22,2
DA:25,1
DA:26,1
DA:29,1
DA:30,1
DA:31,0
DA:35,1
DA:36,1
DA:38,1
LF:21
LH:19
BRDA:7,1,0,1
BRDA:7,1,1,0
BRDA:13,2,0,0
BRDA:13,2,1,1
BRDA:22,3,0,2
BRDA:22,3,1,2
BRDA:22,3,2,1
BRDA:30,4,0,0
BRDA:30,4,1,1
BRF:9
BRH:6
end_of_record
TN:
SF:F:\WebDev\Works\New folder\config\config.js
FNF:0
FNH:0
DA:1,1
LF:1
LH:1
BRF:0
BRH:0
end_of_record
TN:
SF:F:\WebDev\Works\New folder\models\User.js
FNF:0
FNH:0
DA:4,1
DA:5,1
DA:24,1
LF:3
LH:3
BRF:0
BRH:0
end_of_record
TN:
SF:F:\WebDev\Works\New folder\passport_setup.js
FN:7,(anonymous_1)
FN:8,(anonymous_2)
FN:11,(anonymous_3)
FN:28,(anonymous_4)
FNF:4
FNH:3
FNDA:2,(anonymous_1)
FNDA:1,(anonymous_2)
FNDA:0,(anonymous_3)
FNDA:1,(anonymous_4)
DA:1,1
DA:3,1
DA:4,1
DA:7,1
DA:8,2
DA:9,1
DA:11,2
DA:12,0
DA:17,0
DA:18,0
DA:20,0
DA:23,2
DA:29,1
DA:34,1
DA:36,0
DA:38,1
DA:39,1
DA:40,0
DA:42,1
DA:43,1
DA:45,0
DA:49,0
LF:22
LH:14
BRDA:17,1,0,0
BRDA:17,1,1,0
BRDA:34,2,0,0
BRDA:34,2,1,1
BRDA:39,3,0,0
BRDA:39,3,1,1
BRDA:42,4,0,1
BRDA:42,4,1,0
BRF:8
BRH:3
end_of_record
TN:
SF:F:\WebDev\Works\New folder\validators\signup.js
FN:4,(anonymous_1)
FN:16,(anonymous_2)
FN:17,(anonymous_3)
FNF:3
FNH:3
FNDA:1,(anonymous_1)
FNDA:1,(anonymous_2)
FNDA:1,(anonymous_3)
DA:1,1
DA:2,1
DA:4,1
DA:5,1
DA:6,0
DA:8,1
DA:9,0
DA:11,1
DA:12,0
DA:16,1
DA:17,1
DA:18,1
DA:19,1
DA:24,1
DA:25,1
DA:27,1
LF:16
LH:13
BRDA:5,1,0,0
BRDA:5,1,1,1
BRDA:8,2,0,0
BRDA:8,2,1,1
BRDA:11,3,0,0
BRDA:11,3,1,1
BRDA:24,4,0,1
BRDA:24,4,1,0
BRF:8
BRH:4
end_of_record
